<?xml version="1.0" encoding="UTF-8"?>
<!-- Generated by org.testng.reporters.JUnitReportReporter -->
<testsuite hostname="DESKTOP-BF9E4NI" failures="0" tests="9" name="TestRunner.CucumberTestRunnerForTags" time="0.069" errors="0" timestamp="2024-06-14T10:30:14 IST" skipped="0">
  <testcase classname="TestRunner.CucumberTestRunnerForTags" name="runScenario" time="0.006"/>
  <testcase classname="TestRunner.CucumberTestRunnerForTags" name="runScenario" time="0.016"/>
  <testcase classname="TestRunner.CucumberTestRunnerForTags" name="runScenario" time="0.008"/>
  <testcase classname="TestRunner.CucumberTestRunnerForTags" name="runScenario" time="0.021"/>
  <testcase classname="TestRunner.CucumberTestRunnerForTags" name="runScenario" time="0.007"/>
  <testcase classname="TestRunner.CucumberTestRunnerForTags" name="runScenario" time="0.000"/>
  <testcase classname="TestRunner.CucumberTestRunnerForTags" name="runScenario" time="0.002"/>
  <testcase classname="TestRunner.CucumberTestRunnerForTags" name="runScenario" time="0.003"/>
  <testcase classname="TestRunner.CucumberTestRunnerForTags" name="runScenario" time="0.006"/>
</testsuite> <!-- TestRunner.CucumberTestRunnerForTags -->
