<?xml version="1.0" encoding="UTF-8"?>
<!-- Generated by org.testng.reporters.JUnitReportReporter -->
<testsuite hostname="DESKTOP-BF9E4NI" failures="0" tests="1" name="TestRunner.CucumberTestRunner" time="4.087" errors="0" timestamp="2024-06-14T10:30:14 IST" skipped="0">
  <testcase classname="TestRunner.CucumberTestRunner" name="runScenario" time="4.087"/>
</testsuite> <!-- TestRunner.CucumberTestRunner -->
